<?xml version="1.0" encoding="UTF-8"?>
<!-- Generated by org.testng.reporters.JUnitReportReporter -->
<testsuite hostname="DESKTOP-O1QSD0A" failures="0" tests="2" name="com.mageno.TestngCase.ParallelTest" time="0.037" errors="0" timestamp="2023-10-31T12:30:51 IST" skipped="0">
  <testcase classname="com.mageno.TestngCase.ParallelTest" name="OpenGoogleInChrome" time="0.019"/>
  <testcase classname="com.mageno.TestngCase.ParallelTest" name="OpenGoogleInFirefox" time="0.018"/>
</testsuite> <!-- com.mageno.TestngCase.ParallelTest -->
