<?xml version="1.0" encoding="UTF-8"?>
<!-- Generated by org.testng.reporters.JUnitReportReporter -->
<testsuite hostname="DESKTOP-O1QSD0A" failures="0" tests="4" name="com.mageno.TestngCase.ParallelTest2" time="13.212" errors="0" timestamp="2023-10-31T13:04:37 IST" skipped="0">
  <testcase classname="com.mageno.TestngCase.ParallelTest2" name="firefoxTest" time="2.433"/>
  <testcase classname="com.mageno.TestngCase.ParallelTest2" name="firefoxTest" time="2.431"/>
  <testcase classname="com.mageno.TestngCase.ParallelTest2" name="chromeTest" time="5.911"/>
  <testcase classname="com.mageno.TestngCase.ParallelTest2" name="firefoxTest" time="2.437"/>
</testsuite> <!-- com.mageno.TestngCase.ParallelTest2 -->
