<?xml version="1.0" encoding="UTF-8"?>
<!-- Generated by org.testng.reporters.JUnitReportReporter -->
<testsuite hostname="DESKTOP-O1QSD0A" failures="0" tests="4" name="com.magento.TestngUtility.ReadExcelFile" time="0.029" errors="0" timestamp="2023-11-03T13:28:33 IST" skipped="0">
  <testcase classname="com.magento.TestngUtility.ReadExcelFile" name="Test" time="0.005"/>
  <testcase classname="com.magento.TestngUtility.ReadExcelFile" name="Test" time="0.012"/>
  <testcase classname="com.magento.TestngUtility.ReadExcelFile" name="Test" time="0.006"/>
  <testcase classname="com.magento.TestngUtility.ReadExcelFile" name="Test" time="0.006"/>
</testsuite> <!-- com.magento.TestngUtility.ReadExcelFile -->
