<?xml version="1.0" encoding="UTF-8"?>
<!-- Generated by org.testng.reporters.JUnitReportReporter -->
<testsuite hostname="DESKTOP-O1QSD0A" failures="0" tests="4" name="com.magento.TestngSteps.VerifyLoginUser" time="27.706" errors="0" timestamp="2023-11-04T18:31:00 IST" skipped="0">
  <testcase classname="com.magento.TestngSteps.VerifyLoginUser" name="loginTest" time="6.954"/>
  <testcase classname="com.magento.TestngSteps.VerifyLoginUser" name="loginTest" time="6.713"/>
  <testcase classname="com.magento.TestngSteps.VerifyLoginUser" name="loginTest" time="5.518"/>
  <testcase classname="com.magento.TestngSteps.VerifyLoginUser" name="loginTest" time="8.521"/>
</testsuite> <!-- com.magento.TestngSteps.VerifyLoginUser -->
