<?xml version="1.0" encoding="UTF-8"?>
<!-- Generated by org.testng.reporters.JUnitReportReporter -->
<testsuite hostname="DESKTOP-O1QSD0A" failures="0" tests="5" name="com.magento.TestngSteps.MobileItemVerify" time="5.653" errors="0" timestamp="2023-11-04T18:31:00 IST" skipped="0">
  <testcase classname="com.magento.TestngSteps.MobileItemVerify" name="verifyHomepageTitle" time="0.055"/>
  <testcase classname="com.magento.TestngSteps.MobileItemVerify" name="clickonMobileMenu" time="3.108"/>
  <testcase classname="com.magento.TestngSteps.MobileItemVerify" name="verifyMobilePageTitle" time="0.036"/>
  <testcase classname="com.magento.TestngSteps.MobileItemVerify" name="selectMobileByName" time="1.852"/>
  <testcase classname="com.magento.TestngSteps.MobileItemVerify" name="verifyProductName" time="0.602"/>
</testsuite> <!-- com.magento.TestngSteps.MobileItemVerify -->
