<?xml version="1.0" encoding="UTF-8"?>
<!-- Generated by org.testng.reporters.JUnitReportReporter -->
<testsuite hostname="DESKTOP-O1QSD0A" failures="0" tests="4" name="com.mageno.TestngCase.TestNg" time="10.189" errors="0" timestamp="2023-10-31T12:33:11 IST" skipped="0">
  <testcase classname="com.mageno.TestngCase.TestNg" name="testPriority_2" time="3.815"/>
  <testcase classname="com.mageno.TestngCase.TestNg" name="testPriority_1" time="0.722"/>
  <testcase classname="com.mageno.TestngCase.TestNg" name="test" time="4.066"/>
  <testcase classname="com.mageno.TestngCase.TestNg" name="testPriority" time="1.586"/>
</testsuite> <!-- com.mageno.TestngCase.TestNg -->
