<?xml version="1.0" encoding="UTF-8"?>
<!-- Generated by org.testng.reporters.JUnitReportReporter -->
<testsuite hostname="DESKTOP-O1QSD0A" failures="0" tests="4" name="com.mageno.TestngCase.TestNg" time="8.126" errors="0" timestamp="2023-10-30T12:57:57 IST" skipped="0">
  <testcase classname="com.mageno.TestngCase.TestNg" name="testPriority_2" time="0.572"/>
  <testcase classname="com.mageno.TestngCase.TestNg" name="test" time="2.945"/>
  <testcase classname="com.mageno.TestngCase.TestNg" name="testPriority_1" time="2.546"/>
  <testcase classname="com.mageno.TestngCase.TestNg" name="testPriority" time="2.063"/>
</testsuite> <!-- com.mageno.TestngCase.TestNg -->
